#
# A fatal error has been detected by the Java Runtime Environment:
#
#  Internal Error (classFileParser.cpp:3494), pid=2857, tid=139937010636544
#  Error: ShouldNotReachHere()
#
# JRE version: 6.0_24-b24
# Java VM: OpenJDK 64-Bit Server VM (20.0-b12 mixed mode linux-amd64 compressed oops)
# Derivative: IcedTea6 1.11.1
# Distribution: Ubuntu 12.04 LTS, package 6b24-1.11.1-4ubuntu3
# If you would like to submit a bug report, please include
# instructions how to reproduce the bug and visit:
#   https://bugs.launchpad.net/ubuntu/+source/openjdk-6/
#

---------------  T H R E A D  ---------------

Current thread (0x00007f459800a000):  JavaThread "Unknown thread" [_thread_in_vm, id=2862, stack(0x00007f459fbf5000,0x00007f459fcf6000)]

Stack: [0x00007f459fbf5000,0x00007f459fcf6000],  sp=0x00007f459fcf4080,  free space=1020k
Native frames: (J=compiled Java code, j=interpreted, Vv=VM code, C=native code)
V  [libjvm.so+0x783685]  VMError::report(outputStream*)+0x1255
V  [libjvm.so+0x783909]  VMError::report_and_die()+0x169
V  [libjvm.so+0x3bb14a]  report_vm_error(char const*, int, char const*, char const*)+0x4a
V  [libjvm.so+0x351515]  ClassFileParser::parseClassFile(symbolHandle, Handle, Handle, KlassHandle, GrowableArray<Handle>*, symbolHandle&, bool, Thread*)+0x1545
V  [libjvm.so+0x355773]  ClassLoader::load_classfile(symbolHandle, Thread*)+0x1f3
V  [libjvm.so+0x71b854]  SystemDictionary::load_instance_class(symbolHandle, Handle, Thread*)+0x354
V  [libjvm.so+0x719f60]  SystemDictionary::resolve_instance_class_or_null(symbolHandle, Handle, Handle, Thread*)+0x7c0
V  [libjvm.so+0x71bee3]  SystemDictionary::resolve_or_fail(symbolHandle, Handle, Handle, bool, Thread*)+0x33
V  [libjvm.so+0x71bfc4]  SystemDictionary::resolve_or_fail(symbolHandle, bool, Thread*)+0x14
V  [libjvm.so+0x71c070]  SystemDictionary::initialize_wk_klass(SystemDictionary::WKID, int, Thread*)+0xa0
V  [libjvm.so+0x71c0d9]  SystemDictionary::initialize_wk_klasses_until(SystemDictionary::WKID, SystemDictionary::WKID&, Thread*)+0x59
V  [libjvm.so+0x71c1d1]  SystemDictionary::initialize_preloaded_classes(Thread*)+0x71
V  [libjvm.so+0x75fa4f]  Universe::genesis(Thread*)+0x11f
V  [libjvm.so+0x7603ff]  universe2_init()+0x1f
V  [libjvm.so+0x473ee5]  init_globals()+0x95
V  [libjvm.so+0x74a38a]  Threads::create_vm(JavaVMInitArgs*, bool*)+0x1ea
V  [libjvm.so+0x4cdbb1]  JNI_CreateJavaVM+0x61
C  [java+0x317e]  JavaMain+0x7e


---------------  P R O C E S S  ---------------

Java Threads: ( => current thread )

Other Threads:

=>0x00007f459800a000 (exited) JavaThread "Unknown thread" [_thread_in_vm, id=2862, stack(0x00007f459fbf5000,0x00007f459fcf6000)]

VM state:not at safepoint (not fully initialized)

VM Mutex/Monitor currently owned by a thread: None

Dynamic libraries:
00400000-00409000 r-xp 00000000 08:05 10094475                           /usr/lib/jvm/java-6-openjdk-amd64/jre/bin/java
00608000-00609000 r--p 00008000 08:05 10094475                           /usr/lib/jvm/java-6-openjdk-amd64/jre/bin/java
00609000-0060a000 rw-p 00009000 08:05 10094475                           /usr/lib/jvm/java-6-openjdk-amd64/jre/bin/java
01415000-01436000 rw-p 00000000 00:00 0                                  [heap]
b9200000-ba6c0000 rw-p 00000000 00:00 0 
ba6c0000-c3800000 rw-p 00000000 00:00 0 
c3800000-c6050000 rw-p 00000000 00:00 0 
c6050000-ebd60000 rw-p 00000000 00:00 0 
ebd60000-ed180000 rw-p 00000000 00:00 0 
ed180000-100000000 rw-p 00000000 00:00 0 
7f4558000000-7f4558021000 rw-p 00000000 00:00 0 
7f4558021000-7f455c000000 ---p 00000000 00:00 0 
7f4560000000-7f4560021000 rw-p 00000000 00:00 0 
7f4560021000-7f4564000000 ---p 00000000 00:00 0 
7f4568000000-7f4568021000 rw-p 00000000 00:00 0 
7f4568021000-7f456c000000 ---p 00000000 00:00 0 
7f4570000000-7f4570021000 rw-p 00000000 00:00 0 
7f4570021000-7f4574000000 ---p 00000000 00:00 0 
7f4578000000-7f4578021000 rw-p 00000000 00:00 0 
7f4578021000-7f457c000000 ---p 00000000 00:00 0 
7f4580000000-7f4580021000 rw-p 00000000 00:00 0 
7f4580021000-7f4584000000 ---p 00000000 00:00 0 
7f4588000000-7f4588021000 rw-p 00000000 00:00 0 
7f4588021000-7f458c000000 ---p 00000000 00:00 0 
7f4590000000-7f4590021000 rw-p 00000000 00:00 0 
7f4590021000-7f4594000000 ---p 00000000 00:00 0 
7f45942a0000-7f4594365000 r--s 0115c000 08:05 12197332                   /opt/Android/sdk/platforms/android-4.2/android.jar
7f4594365000-7f4594366000 ---p 00000000 00:00 0 
7f4594366000-7f4594466000 rw-p 00000000 00:00 0 
7f4594466000-7f4594467000 ---p 00000000 00:00 0 
7f4594467000-7f4594567000 rw-p 00000000 00:00 0 
7f4594567000-7f4594568000 ---p 00000000 00:00 0 
7f4594568000-7f4594668000 rw-p 00000000 00:00 0 
7f4594668000-7f4594669000 ---p 00000000 00:00 0 
7f4594669000-7f4594769000 rw-p 00000000 00:00 0 
7f4594769000-7f459476a000 ---p 00000000 00:00 0 
7f459476a000-7f459486a000 rw-p 00000000 00:00 0 
7f459486a000-7f459486b000 ---p 00000000 00:00 0 
7f459486b000-7f459496b000 rw-p 00000000 00:00 0 
7f459496b000-7f459496c000 ---p 00000000 00:00 0 
7f459496c000-7f4594a6c000 rw-p 00000000 00:00 0 
7f4594a6c000-7f4594a6d000 ---p 00000000 00:00 0 
7f4594a6d000-7f4594b78000 rw-p 00000000 00:00 0 
7f4594b78000-7f4594bc0000 rw-p 00000000 00:00 0 
7f4594bc0000-7f4594bcb000 rw-p 00000000 00:00 0 
7f4594bcb000-7f4594c13000 rw-p 00000000 00:00 0 
7f4594c13000-7f4594c28000 rw-p 00000000 00:00 0 
7f4594c28000-7f4594d55000 rw-p 00000000 00:00 0 
7f4594d55000-7f4594d60000 rw-p 00000000 00:00 0 
7f4594d60000-7f4594df7000 rw-p 00000000 00:00 0 
7f4594df7000-7f4594df8000 rw-p 00000000 00:00 0 
7f4594df8000-7f4595068000 rwxp 00000000 00:00 0 
7f4595068000-7f4597df8000 rw-p 00000000 00:00 0 
7f4597df8000-7f4597dff000 r-xp 00000000 08:05 10094452                   /usr/lib/jvm/java-6-openjdk-amd64/jre/lib/amd64/libzip.so
7f4597dff000-7f4597ffe000 ---p 00007000 08:05 10094452                   /usr/lib/jvm/java-6-openjdk-amd64/jre/lib/amd64/libzip.so
7f4597ffe000-7f4597fff000 r--p 00006000 08:05 10094452                   /usr/lib/jvm/java-6-openjdk-amd64/jre/lib/amd64/libzip.so
7f4597fff000-7f4598000000 rw-p 00007000 08:05 10094452                   /usr/lib/jvm/java-6-openjdk-amd64/jre/lib/amd64/libzip.so
7f4598000000-7f4598089000 rw-p 00000000 00:00 0 
7f4598089000-7f459c000000 ---p 00000000 00:00 0 
7f459c015000-7f459c052000 rw-p 00000000 00:00 0 
7f459c052000-7f459c180000 rw-p 00000000 00:00 0 
7f459c180000-7f459c18c000 r-xp 00000000 08:05 10227320                   /lib/x86_64-linux-gnu/libnss_files-2.15.so
7f459c18c000-7f459c38b000 ---p 0000c000 08:05 10227320                   /lib/x86_64-linux-gnu/libnss_files-2.15.so
7f459c38b000-7f459c38c000 r--p 0000b000 08:05 10227320                   /lib/x86_64-linux-gnu/libnss_files-2.15.so
7f459c38c000-7f459c38d000 rw-p 0000c000 08:05 10227320                   /lib/x86_64-linux-gnu/libnss_files-2.15.so
7f459c38d000-7f459c397000 r-xp 00000000 08:05 10227324                   /lib/x86_64-linux-gnu/libnss_nis-2.15.so
7f459c397000-7f459c597000 ---p 0000a000 08:05 10227324                   /lib/x86_64-linux-gnu/libnss_nis-2.15.so
7f459c597000-7f459c598000 r--p 0000a000 08:05 10227324                   /lib/x86_64-linux-gnu/libnss_nis-2.15.so
7f459c598000-7f459c599000 rw-p 0000b000 08:05 10227324                   /lib/x86_64-linux-gnu/libnss_nis-2.15.so
7f459c599000-7f459c5b0000 r-xp 00000000 08:05 10227314                   /lib/x86_64-linux-gnu/libnsl-2.15.so
7f459c5b0000-7f459c7af000 ---p 00017000 08:05 10227314                   /lib/x86_64-linux-gnu/libnsl-2.15.so
7f459c7af000-7f459c7b0000 r--p 00016000 08:05 10227314                   /lib/x86_64-linux-gnu/libnsl-2.15.so
7f459c7b0000-7f459c7b1000 rw-p 00017000 08:05 10227314                   /lib/x86_64-linux-gnu/libnsl-2.15.so
7f459c7b1000-7f459c7b3000 rw-p 00000000 00:00 0 
7f459c7b3000-7f459c7bb000 r-xp 00000000 08:05 10227316                   /lib/x86_64-linux-gnu/libnss_compat-2.15.so
7f459c7bb000-7f459c9ba000 ---p 00008000 08:05 10227316                   /lib/x86_64-linux-gnu/libnss_compat-2.15.so
7f459c9ba000-7f459c9bb000 r--p 00007000 08:05 10227316                   /lib/x86_64-linux-gnu/libnss_compat-2.15.so
7f459c9bb000-7f459c9bc000 rw-p 00008000 08:05 10227316                   /lib/x86_64-linux-gnu/libnss_compat-2.15.so
7f459c9bc000-7f459d09f000 r--p 00000000 08:05 9967931                    /usr/lib/locale/locale-archive
7f459d09f000-7f459d0a2000 r-xp 00000000 08:05 10093774                   /usr/lib/jvm/java-6-openjdk-amd64/jre/lib/amd64/libnpt.so
7f459d0a2000-7f459d2a1000 ---p 00003000 08:05 10093774                   /usr/lib/jvm/java-6-openjdk-amd64/jre/lib/amd64/libnpt.so
7f459d2a1000-7f459d2a2000 r--p 00002000 08:05 10093774                   /usr/lib/jvm/java-6-openjdk-amd64/jre/lib/amd64/libnpt.so
7f459d2a2000-7f459d2a3000 rw-p 00003000 08:05 10093774                   /usr/lib/jvm/java-6-openjdk-amd64/jre/lib/amd64/libnpt.so
7f459d2a3000-7f459d2dd000 r-xp 00000000 08:05 10093764                   /usr/lib/jvm/java-6-openjdk-amd64/jre/lib/amd64/libjdwp.so
7f459d2dd000-7f459d4dc000 ---p 0003a000 08:05 10093764                   /usr/lib/jvm/java-6-openjdk-amd64/jre/lib/amd64/libjdwp.so
7f459d4dc000-7f459d4dd000 r--p 00039000 08:05 10093764                   /usr/lib/jvm/java-6-openjdk-amd64/jre/lib/amd64/libjdwp.so
7f459d4dd000-7f459d4de000 rw-p 0003a000 08:05 10093764                   /usr/lib/jvm/java-6-openjdk-amd64/jre/lib/amd64/libjdwp.so
7f459d4de000-7f459d50a000 r-xp 00000000 08:05 10093761                   /usr/lib/jvm/java-6-openjdk-amd64/jre/lib/amd64/libjava.so
7f459d50a000-7f459d709000 ---p 0002c000 08:05 10093761                   /usr/lib/jvm/java-6-openjdk-amd64/jre/lib/amd64/libjava.so
7f459d709000-7f459d70a000 r--p 0002b000 08:05 10093761                   /usr/lib/jvm/java-6-openjdk-amd64/jre/lib/amd64/libjava.so
7f459d70a000-7f459d70d000 rw-p 0002c000 08:05 10093761                   /usr/lib/jvm/java-6-openjdk-amd64/jre/lib/amd64/libjava.so
7f459d70d000-7f459d71b000 r-xp 00000000 08:05 10094451                   /usr/lib/jvm/java-6-openjdk-amd64/jre/lib/amd64/libverify.so
7f459d71b000-7f459d91a000 ---p 0000e000 08:05 10094451                   /usr/lib/jvm/java-6-openjdk-amd64/jre/lib/amd64/libverify.so
7f459d91a000-7f459d91c000 r--p 0000d000 08:05 10094451                   /usr/lib/jvm/java-6-openjdk-amd64/jre/lib/amd64/libverify.so
7f459d91c000-7f459d91d000 rw-p 0000f000 08:05 10094451                   /usr/lib/jvm/java-6-openjdk-amd64/jre/lib/amd64/libverify.so
7f459d91d000-7f459d924000 r-xp 00000000 08:05 10227355                   /lib/x86_64-linux-gnu/librt-2.15.so
7f459d924000-7f459db23000 ---p 00007000 08:05 10227355                   /lib/x86_64-linux-gnu/librt-2.15.so
7f459db23000-7f459db24000 r--p 00006000 08:05 10227355                   /lib/x86_64-linux-gnu/librt-2.15.so
7f459db24000-7f459db25000 rw-p 00007000 08:05 10227355                   /lib/x86_64-linux-gnu/librt-2.15.so
7f459db25000-7f459db3a000 r-xp 00000000 08:05 10227290                   /lib/x86_64-linux-gnu/libgcc_s.so.1
7f459db3a000-7f459dd39000 ---p 00015000 08:05 10227290                   /lib/x86_64-linux-gnu/libgcc_s.so.1
7f459dd39000-7f459dd3a000 r--p 00014000 08:05 10227290                   /lib/x86_64-linux-gnu/libgcc_s.so.1
7f459dd3a000-7f459dd3b000 rw-p 00015000 08:05 10227290                   /lib/x86_64-linux-gnu/libgcc_s.so.1
7f459dd3b000-7f459de34000 r-xp 00000000 08:05 10227301                   /lib/x86_64-linux-gnu/libm-2.15.so
7f459de34000-7f459e033000 ---p 000f9000 08:05 10227301                   /lib/x86_64-linux-gnu/libm-2.15.so
7f459e033000-7f459e034000 r--p 000f8000 08:05 10227301                   /lib/x86_64-linux-gnu/libm-2.15.so
7f459e034000-7f459e035000 rw-p 000f9000 08:05 10227301                   /lib/x86_64-linux-gnu/libm-2.15.so
7f459e035000-7f459e117000 r-xp 00000000 08:05 9969222                    /usr/lib/x86_64-linux-gnu/libstdc++.so.6.0.16
7f459e117000-7f459e316000 ---p 000e2000 08:05 9969222                    /usr/lib/x86_64-linux-gnu/libstdc++.so.6.0.16
7f459e316000-7f459e31e000 r--p 000e1000 08:05 9969222                    /usr/lib/x86_64-linux-gnu/libstdc++.so.6.0.16
7f459e31e000-7f459e320000 rw-p 000e9000 08:05 9969222                    /usr/lib/x86_64-linux-gnu/libstdc++.so.6.0.16
7f459e320000-7f459e335000 rw-p 00000000 00:00 0 
7f459e335000-7f459ec39000 r-xp 00000000 08:05 10094454                   /usr/lib/jvm/java-6-openjdk-amd64/jre/lib/amd64/server/libjvm.so
7f459ec39000-7f459ee39000 ---p 00904000 08:05 10094454                   /usr/lib/jvm/java-6-openjdk-amd64/jre/lib/amd64/server/libjvm.so
7f459ee39000-7f459eeb9000 r--p 00904000 08:05 10094454                   /usr/lib/jvm/java-6-openjdk-amd64/jre/lib/amd64/server/libjvm.so
7f459eeb9000-7f459eed4000 rw-p 00984000 08:05 10094454                   /usr/lib/jvm/java-6-openjdk-amd64/jre/lib/amd64/server/libjvm.so
7f459eed4000-7f459eefd000 rw-p 00000000 00:00 0 
7f459eefd000-7f459ef13000 r-xp 00000000 08:05 10227380                   /lib/x86_64-linux-gnu/libz.so.1.2.3.4
7f459ef13000-7f459f112000 ---p 00016000 08:05 10227380                   /lib/x86_64-linux-gnu/libz.so.1.2.3.4
7f459f112000-7f459f113000 r--p 00015000 08:05 10227380                   /lib/x86_64-linux-gnu/libz.so.1.2.3.4
7f459f113000-7f459f114000 rw-p 00016000 08:05 10227380                   /lib/x86_64-linux-gnu/libz.so.1.2.3.4
7f459f114000-7f459f2c7000 r-xp 00000000 08:05 10227269                   /lib/x86_64-linux-gnu/libc-2.15.so
7f459f2c7000-7f459f4c6000 ---p 001b3000 08:05 10227269                   /lib/x86_64-linux-gnu/libc-2.15.so
7f459f4c6000-7f459f4ca000 r--p 001b2000 08:05 10227269                   /lib/x86_64-linux-gnu/libc-2.15.so
7f459f4ca000-7f459f4cc000 rw-p 001b6000 08:05 10227269                   /lib/x86_64-linux-gnu/libc-2.15.so
7f459f4cc000-7f459f4d1000 rw-p 00000000 00:00 0 
7f459f4d1000-7f459f4d3000 r-xp 00000000 08:05 10227282                   /lib/x86_64-linux-gnu/libdl-2.15.so
7f459f4d3000-7f459f6d3000 ---p 00002000 08:05 10227282                   /lib/x86_64-linux-gnu/libdl-2.15.so
7f459f6d3000-7f459f6d4000 r--p 00002000 08:05 10227282                   /lib/x86_64-linux-gnu/libdl-2.15.so
7f459f6d4000-7f459f6d5000 rw-p 00003000 08:05 10227282                   /lib/x86_64-linux-gnu/libdl-2.15.so
7f459f6d5000-7f459f6d9000 r-xp 00000000 08:05 10093749                   /usr/lib/jvm/java-6-openjdk-amd64/jre/lib/amd64/jli/libjli.so
7f459f6d9000-7f459f8d8000 ---p 00004000 08:05 10093749                   /usr/lib/jvm/java-6-openjdk-amd64/jre/lib/amd64/jli/libjli.so
7f459f8d8000-7f459f8d9000 r--p 00003000 08:05 10093749                   /usr/lib/jvm/java-6-openjdk-amd64/jre/lib/amd64/jli/libjli.so
7f459f8d9000-7f459f8da000 rw-p 00004000 08:05 10093749                   /usr/lib/jvm/java-6-openjdk-amd64/jre/lib/amd64/jli/libjli.so
7f459f8da000-7f459f8f2000 r-xp 00000000 08:05 10227349                   /lib/x86_64-linux-gnu/libpthread-2.15.so
7f459f8f2000-7f459faf1000 ---p 00018000 08:05 10227349                   /lib/x86_64-linux-gnu/libpthread-2.15.so
7f459faf1000-7f459faf2000 r--p 00017000 08:05 10227349                   /lib/x86_64-linux-gnu/libpthread-2.15.so
7f459faf2000-7f459faf3000 rw-p 00018000 08:05 10227349                   /lib/x86_64-linux-gnu/libpthread-2.15.so
7f459faf3000-7f459faf7000 rw-p 00000000 00:00 0 
7f459faf7000-7f459fb19000 r-xp 00000000 08:05 10227249                   /lib/x86_64-linux-gnu/ld-2.15.so
7f459fb35000-7f459fb3f000 rw-p 00000000 00:00 0 
7f459fb3f000-7f459fbf5000 rw-p 00000000 00:00 0 
7f459fbf5000-7f459fbf8000 ---p 00000000 00:00 0 
7f459fbf8000-7f459fcfb000 rw-p 00000000 00:00 0 
7f459fd0d000-7f459fd15000 rw-s 00000000 08:05 16254253                   /tmp/hsperfdata_shaneybabees/2857
7f459fd15000-7f459fd16000 rw-p 00000000 00:00 0 
7f459fd16000-7f459fd17000 r--p 00000000 00:00 0 
7f459fd17000-7f459fd19000 rw-p 00000000 00:00 0 
7f459fd19000-7f459fd1a000 r--p 00022000 08:05 10227249                   /lib/x86_64-linux-gnu/ld-2.15.so
7f459fd1a000-7f459fd1c000 rw-p 00023000 08:05 10227249                   /lib/x86_64-linux-gnu/ld-2.15.so
7fffd94eb000-7fffd950c000 rw-p 00000000 00:00 0                          [stack]
7fffd95ff000-7fffd9600000 r-xp 00000000 00:00 0                          [vdso]
ffffffffff600000-ffffffffff601000 r-xp 00000000 00:00 0                  [vsyscall]

VM Arguments:
jvm_args: -agentlib:jdwp=transport=dt_socket,suspend=y,address=localhost:46445 -Dfile.encoding=UTF-8 -Xbootclasspath:/opt/Android/sdk/platforms/android-4.2/android.jar 
java_command: org.eclipse.jdt.internal.debug.ui.snippeteditor.ScrapbookMain file:/home/shaneybabees/workspace/.metadata/.plugins/org.eclipse.core.resources/.projects/Calculator/org.eclipse.jdt.debug.ui/ file:/home/shaneybabees/workspace/Calculator/bin/classes/ file:/home/shaneybabees/workspace/Calculator/libs/android-support-v4.jar
Launcher Type: SUN_STANDARD

Environment Variables:
PATH=/home/shaneybabees/xuggler/bin:/usr/local/sbin:/usr/local/bin:/usr/sbin:/usr/bin:/sbin:/bin:/usr/games
USERNAME=shaneybabees
LD_LIBRARY_PATH=/usr/lib/jvm/java-6-openjdk-amd64/jre/lib/amd64/server:/usr/lib/jvm/java-6-openjdk-amd64/jre/lib/amd64:/usr/lib/jvm/java-6-openjdk-amd64/jre/../lib/amd64
SHELL=/bin/bash
DISPLAY=:0

Signal Handlers:
SIGSEGV: [libjvm.so+0x7842c0], sa_mask[0]=0x7ffbfeff, sa_flags=0x10000004
SIGBUS: [libjvm.so+0x7842c0], sa_mask[0]=0x7ffbfeff, sa_flags=0x10000004
SIGFPE: [libjvm.so+0x648540], sa_mask[0]=0x7ffbfeff, sa_flags=0x10000004
SIGPIPE: [libjvm.so+0x648540], sa_mask[0]=0x7ffbfeff, sa_flags=0x10000004
SIGXFSZ: [libjvm.so+0x648540], sa_mask[0]=0x7ffbfeff, sa_flags=0x10000004
SIGILL: [libjvm.so+0x648540], sa_mask[0]=0x7ffbfeff, sa_flags=0x10000004
SIGUSR1: SIG_DFL, sa_mask[0]=0x00000000, sa_flags=0x00000000
SIGUSR2: [libjvm.so+0x6486f0], sa_mask[0]=0x00000004, sa_flags=0x10000004
SIGHUP: SIG_DFL, sa_mask[0]=0x00000000, sa_flags=0x00000000
SIGINT: SIG_DFL, sa_mask[0]=0x00000000, sa_flags=0x00000000
SIGTERM: SIG_DFL, sa_mask[0]=0x00000000, sa_flags=0x00000000
SIGQUIT: SIG_DFL, sa_mask[0]=0x00000000, sa_flags=0x00000000


---------------  S Y S T E M  ---------------

OS:LinuxMint 13 (maya)
uname:Linux 3.2.0-23-generic #36-Ubuntu SMP Tue Apr 10 20:39:51 UTC 2012 x86_64
libc:glibc 2.15 NPTL 2.15 
rlimit: STACK 8192k, CORE 0k, NPROC 30779, NOFILE 4096, AS infinity
load average:1.00 1.21 1.12

/proc/meminfo:
MemTotal:        3957304 kB
MemFree:         1621224 kB
Buffers:           79952 kB
Cached:          1028356 kB
SwapCached:            0 kB
Active:          1335168 kB
Inactive:         818980 kB
Active(anon):    1110520 kB
Inactive(anon):   262588 kB
Active(file):     224648 kB
Inactive(file):   556392 kB
Unevictable:           0 kB
Mlocked:               0 kB
SwapTotal:       4100092 kB
SwapFree:        4100092 kB
Dirty:              2236 kB
Writeback:             4 kB
AnonPages:       1046104 kB
Mapped:           138392 kB
Shmem:            327268 kB
Slab:              76004 kB
SReclaimable:      47396 kB
SUnreclaim:        28608 kB
KernelStack:        3128 kB
PageTables:        20816 kB
NFS_Unstable:          0 kB
Bounce:                0 kB
WritebackTmp:          0 kB
CommitLimit:     6078744 kB
Committed_AS:    2819568 kB
VmallocTotal:   34359738367 kB
VmallocUsed:      359632 kB
VmallocChunk:   34359359964 kB
HardwareCorrupted:     0 kB
AnonHugePages:         0 kB
HugePages_Total:       0
HugePages_Free:        0
HugePages_Rsvd:        0
HugePages_Surp:        0
Hugepagesize:       2048 kB
DirectMap4k:       79860 kB
DirectMap2M:     4030464 kB


CPU:total 8 (4 cores per cpu, 2 threads per core) family 6 model 42 stepping 7, cmov, cx8, fxsr, mmx, sse, sse2, sse3, ssse3, sse4.1, sse4.2, popcnt, ht

Memory: 4k page, physical 3957304k(1621224k free), swap 4100092k(4100092k free)

vm_info: OpenJDK 64-Bit Server VM (20.0-b12) for linux-amd64 JRE (1.6.0_24-b24), built on Apr 21 2012 01:49:27 by "buildd" with gcc 4.6.3

time: Sat Jan 19 14:53:06 2013
elapsed time: 0 seconds

