#
# A fatal error has been detected by the Java Runtime Environment:
#
#  Internal Error (classFileParser.cpp:3494), pid=2838, tid=139772737591040
#  Error: ShouldNotReachHere()
#
# JRE version: 6.0_24-b24
# Java VM: OpenJDK 64-Bit Server VM (20.0-b12 mixed mode linux-amd64 compressed oops)
# Derivative: IcedTea6 1.11.1
# Distribution: Ubuntu 12.04 LTS, package 6b24-1.11.1-4ubuntu3
# If you would like to submit a bug report, please include
# instructions how to reproduce the bug and visit:
#   https://bugs.launchpad.net/ubuntu/+source/openjdk-6/
#

---------------  T H R E A D  ---------------

Current thread (0x00007f1f5800a000):  JavaThread "Unknown thread" [_thread_in_vm, id=2839, stack(0x00007f1f604f9000,0x00007f1f605fa000)]

Stack: [0x00007f1f604f9000,0x00007f1f605fa000],  sp=0x00007f1f605f8080,  free space=1020k
Native frames: (J=compiled Java code, j=interpreted, Vv=VM code, C=native code)
V  [libjvm.so+0x783685]  VMError::report(outputStream*)+0x1255
V  [libjvm.so+0x783909]  VMError::report_and_die()+0x169
V  [libjvm.so+0x3bb14a]  report_vm_error(char const*, int, char const*, char const*)+0x4a
V  [libjvm.so+0x351515]  ClassFileParser::parseClassFile(symbolHandle, Handle, Handle, KlassHandle, GrowableArray<Handle>*, symbolHandle&, bool, Thread*)+0x1545
V  [libjvm.so+0x355773]  ClassLoader::load_classfile(symbolHandle, Thread*)+0x1f3
V  [libjvm.so+0x71b854]  SystemDictionary::load_instance_class(symbolHandle, Handle, Thread*)+0x354
V  [libjvm.so+0x719f60]  SystemDictionary::resolve_instance_class_or_null(symbolHandle, Handle, Handle, Thread*)+0x7c0
V  [libjvm.so+0x71bee3]  SystemDictionary::resolve_or_fail(symbolHandle, Handle, Handle, bool, Thread*)+0x33
V  [libjvm.so+0x71bfc4]  SystemDictionary::resolve_or_fail(symbolHandle, bool, Thread*)+0x14
V  [libjvm.so+0x71c070]  SystemDictionary::initialize_wk_klass(SystemDictionary::WKID, int, Thread*)+0xa0
V  [libjvm.so+0x71c0d9]  SystemDictionary::initialize_wk_klasses_until(SystemDictionary::WKID, SystemDictionary::WKID&, Thread*)+0x59
V  [libjvm.so+0x71c1d1]  SystemDictionary::initialize_preloaded_classes(Thread*)+0x71
V  [libjvm.so+0x75fa4f]  Universe::genesis(Thread*)+0x11f
V  [libjvm.so+0x7603ff]  universe2_init()+0x1f
V  [libjvm.so+0x473ee5]  init_globals()+0x95
V  [libjvm.so+0x74a38a]  Threads::create_vm(JavaVMInitArgs*, bool*)+0x1ea
V  [libjvm.so+0x4cdbb1]  JNI_CreateJavaVM+0x61
C  [java+0x317e]  JavaMain+0x7e


---------------  P R O C E S S  ---------------

Java Threads: ( => current thread )

Other Threads:

=>0x00007f1f5800a000 (exited) JavaThread "Unknown thread" [_thread_in_vm, id=2839, stack(0x00007f1f604f9000,0x00007f1f605fa000)]

VM state:not at safepoint (not fully initialized)

VM Mutex/Monitor currently owned by a thread: None

Dynamic libraries:
00400000-00409000 r-xp 00000000 08:05 10094475                           /usr/lib/jvm/java-6-openjdk-amd64/jre/bin/java
00608000-00609000 r--p 00008000 08:05 10094475                           /usr/lib/jvm/java-6-openjdk-amd64/jre/bin/java
00609000-0060a000 rw-p 00009000 08:05 10094475                           /usr/lib/jvm/java-6-openjdk-amd64/jre/bin/java
00c51000-00c72000 rw-p 00000000 00:00 0                                  [heap]
b9200000-ba6c0000 rw-p 00000000 00:00 0 
ba6c0000-c3800000 rw-p 00000000 00:00 0 
c3800000-c6050000 rw-p 00000000 00:00 0 
c6050000-ebd60000 rw-p 00000000 00:00 0 
ebd60000-ed180000 rw-p 00000000 00:00 0 
ed180000-100000000 rw-p 00000000 00:00 0 
7f1f18000000-7f1f18021000 rw-p 00000000 00:00 0 
7f1f18021000-7f1f1c000000 ---p 00000000 00:00 0 
7f1f20000000-7f1f20021000 rw-p 00000000 00:00 0 
7f1f20021000-7f1f24000000 ---p 00000000 00:00 0 
7f1f28000000-7f1f28021000 rw-p 00000000 00:00 0 
7f1f28021000-7f1f2c000000 ---p 00000000 00:00 0 
7f1f30000000-7f1f30021000 rw-p 00000000 00:00 0 
7f1f30021000-7f1f34000000 ---p 00000000 00:00 0 
7f1f38000000-7f1f38021000 rw-p 00000000 00:00 0 
7f1f38021000-7f1f3c000000 ---p 00000000 00:00 0 
7f1f40000000-7f1f40021000 rw-p 00000000 00:00 0 
7f1f40021000-7f1f44000000 ---p 00000000 00:00 0 
7f1f48000000-7f1f48021000 rw-p 00000000 00:00 0 
7f1f48021000-7f1f4c000000 ---p 00000000 00:00 0 
7f1f50000000-7f1f50021000 rw-p 00000000 00:00 0 
7f1f50021000-7f1f54000000 ---p 00000000 00:00 0 
7f1f54b37000-7f1f54bfc000 r--s 0115c000 08:05 12197332                   /opt/Android/sdk/platforms/android-4.2/android.jar
7f1f54bfc000-7f1f54bfd000 ---p 00000000 00:00 0 
7f1f54bfd000-7f1f54cfd000 rw-p 00000000 00:00 0 
7f1f54cfd000-7f1f54cfe000 ---p 00000000 00:00 0 
7f1f54cfe000-7f1f54dfe000 rw-p 00000000 00:00 0 
7f1f54dfe000-7f1f54dff000 ---p 00000000 00:00 0 
7f1f54dff000-7f1f54eff000 rw-p 00000000 00:00 0 
7f1f54eff000-7f1f54f00000 ---p 00000000 00:00 0 
7f1f54f00000-7f1f55000000 rw-p 00000000 00:00 0 
7f1f55000000-7f1f55270000 rwxp 00000000 00:00 0 
7f1f55270000-7f1f58089000 rw-p 00000000 00:00 0 
7f1f58089000-7f1f5c000000 ---p 00000000 00:00 0 
7f1f5c082000-7f1f5c0aa000 rw-p 00000000 00:00 0 
7f1f5c0aa000-7f1f5c0ab000 ---p 00000000 00:00 0 
7f1f5c0ab000-7f1f5c1ab000 rw-p 00000000 00:00 0 
7f1f5c1ab000-7f1f5c1ac000 ---p 00000000 00:00 0 
7f1f5c1ac000-7f1f5c2ac000 rw-p 00000000 00:00 0 
7f1f5c2ac000-7f1f5c2ad000 ---p 00000000 00:00 0 
7f1f5c2ad000-7f1f5c3ad000 rw-p 00000000 00:00 0 
7f1f5c3ad000-7f1f5c3ae000 ---p 00000000 00:00 0 
7f1f5c3ae000-7f1f5c4b9000 rw-p 00000000 00:00 0 
7f1f5c4b9000-7f1f5c501000 rw-p 00000000 00:00 0 
7f1f5c501000-7f1f5c516000 rw-p 00000000 00:00 0 
7f1f5c516000-7f1f5c644000 rw-p 00000000 00:00 0 
7f1f5c644000-7f1f5c64f000 rw-p 00000000 00:00 0 
7f1f5c64f000-7f1f5c697000 rw-p 00000000 00:00 0 
7f1f5c697000-7f1f5c6ac000 rw-p 00000000 00:00 0 
7f1f5c6ac000-7f1f5c7d9000 rw-p 00000000 00:00 0 
7f1f5c7d9000-7f1f5c7e4000 rw-p 00000000 00:00 0 
7f1f5c7e4000-7f1f5c87b000 rw-p 00000000 00:00 0 
7f1f5c87b000-7f1f5c87c000 rw-p 00000000 00:00 0 
7f1f5c87c000-7f1f5c883000 r-xp 00000000 08:05 10094452                   /usr/lib/jvm/java-6-openjdk-amd64/jre/lib/amd64/libzip.so
7f1f5c883000-7f1f5ca82000 ---p 00007000 08:05 10094452                   /usr/lib/jvm/java-6-openjdk-amd64/jre/lib/amd64/libzip.so
7f1f5ca82000-7f1f5ca83000 r--p 00006000 08:05 10094452                   /usr/lib/jvm/java-6-openjdk-amd64/jre/lib/amd64/libzip.so
7f1f5ca83000-7f1f5ca84000 rw-p 00007000 08:05 10094452                   /usr/lib/jvm/java-6-openjdk-amd64/jre/lib/amd64/libzip.so
7f1f5ca84000-7f1f5ca90000 r-xp 00000000 08:05 10227320                   /lib/x86_64-linux-gnu/libnss_files-2.15.so
7f1f5ca90000-7f1f5cc8f000 ---p 0000c000 08:05 10227320                   /lib/x86_64-linux-gnu/libnss_files-2.15.so
7f1f5cc8f000-7f1f5cc90000 r--p 0000b000 08:05 10227320                   /lib/x86_64-linux-gnu/libnss_files-2.15.so
7f1f5cc90000-7f1f5cc91000 rw-p 0000c000 08:05 10227320                   /lib/x86_64-linux-gnu/libnss_files-2.15.so
7f1f5cc91000-7f1f5cc9b000 r-xp 00000000 08:05 10227324                   /lib/x86_64-linux-gnu/libnss_nis-2.15.so
7f1f5cc9b000-7f1f5ce9b000 ---p 0000a000 08:05 10227324                   /lib/x86_64-linux-gnu/libnss_nis-2.15.so
7f1f5ce9b000-7f1f5ce9c000 r--p 0000a000 08:05 10227324                   /lib/x86_64-linux-gnu/libnss_nis-2.15.so
7f1f5ce9c000-7f1f5ce9d000 rw-p 0000b000 08:05 10227324                   /lib/x86_64-linux-gnu/libnss_nis-2.15.so
7f1f5ce9d000-7f1f5ceb4000 r-xp 00000000 08:05 10227314                   /lib/x86_64-linux-gnu/libnsl-2.15.so
7f1f5ceb4000-7f1f5d0b3000 ---p 00017000 08:05 10227314                   /lib/x86_64-linux-gnu/libnsl-2.15.so
7f1f5d0b3000-7f1f5d0b4000 r--p 00016000 08:05 10227314                   /lib/x86_64-linux-gnu/libnsl-2.15.so
7f1f5d0b4000-7f1f5d0b5000 rw-p 00017000 08:05 10227314                   /lib/x86_64-linux-gnu/libnsl-2.15.so
7f1f5d0b5000-7f1f5d0b7000 rw-p 00000000 00:00 0 
7f1f5d0b7000-7f1f5d0bf000 r-xp 00000000 08:05 10227316                   /lib/x86_64-linux-gnu/libnss_compat-2.15.so
7f1f5d0bf000-7f1f5d2be000 ---p 00008000 08:05 10227316                   /lib/x86_64-linux-gnu/libnss_compat-2.15.so
7f1f5d2be000-7f1f5d2bf000 r--p 00007000 08:05 10227316                   /lib/x86_64-linux-gnu/libnss_compat-2.15.so
7f1f5d2bf000-7f1f5d2c0000 rw-p 00008000 08:05 10227316                   /lib/x86_64-linux-gnu/libnss_compat-2.15.so
7f1f5d2c0000-7f1f5d9a3000 r--p 00000000 08:05 9967931                    /usr/lib/locale/locale-archive
7f1f5d9a3000-7f1f5d9a6000 r-xp 00000000 08:05 10093774                   /usr/lib/jvm/java-6-openjdk-amd64/jre/lib/amd64/libnpt.so
7f1f5d9a6000-7f1f5dba5000 ---p 00003000 08:05 10093774                   /usr/lib/jvm/java-6-openjdk-amd64/jre/lib/amd64/libnpt.so
7f1f5dba5000-7f1f5dba6000 r--p 00002000 08:05 10093774                   /usr/lib/jvm/java-6-openjdk-amd64/jre/lib/amd64/libnpt.so
7f1f5dba6000-7f1f5dba7000 rw-p 00003000 08:05 10093774                   /usr/lib/jvm/java-6-openjdk-amd64/jre/lib/amd64/libnpt.so
7f1f5dba7000-7f1f5dbe1000 r-xp 00000000 08:05 10093764                   /usr/lib/jvm/java-6-openjdk-amd64/jre/lib/amd64/libjdwp.so
7f1f5dbe1000-7f1f5dde0000 ---p 0003a000 08:05 10093764                   /usr/lib/jvm/java-6-openjdk-amd64/jre/lib/amd64/libjdwp.so
7f1f5dde0000-7f1f5dde1000 r--p 00039000 08:05 10093764                   /usr/lib/jvm/java-6-openjdk-amd64/jre/lib/amd64/libjdwp.so
7f1f5dde1000-7f1f5dde2000 rw-p 0003a000 08:05 10093764                   /usr/lib/jvm/java-6-openjdk-amd64/jre/lib/amd64/libjdwp.so
7f1f5dde2000-7f1f5de0e000 r-xp 00000000 08:05 10093761                   /usr/lib/jvm/java-6-openjdk-amd64/jre/lib/amd64/libjava.so
7f1f5de0e000-7f1f5e00d000 ---p 0002c000 08:05 10093761                   /usr/lib/jvm/java-6-openjdk-amd64/jre/lib/amd64/libjava.so
7f1f5e00d000-7f1f5e00e000 r--p 0002b000 08:05 10093761                   /usr/lib/jvm/java-6-openjdk-amd64/jre/lib/amd64/libjava.so
7f1f5e00e000-7f1f5e011000 rw-p 0002c000 08:05 10093761                   /usr/lib/jvm/java-6-openjdk-amd64/jre/lib/amd64/libjava.so
7f1f5e011000-7f1f5e01f000 r-xp 00000000 08:05 10094451                   /usr/lib/jvm/java-6-openjdk-amd64/jre/lib/amd64/libverify.so
7f1f5e01f000-7f1f5e21e000 ---p 0000e000 08:05 10094451                   /usr/lib/jvm/java-6-openjdk-amd64/jre/lib/amd64/libverify.so
7f1f5e21e000-7f1f5e220000 r--p 0000d000 08:05 10094451                   /usr/lib/jvm/java-6-openjdk-amd64/jre/lib/amd64/libverify.so
7f1f5e220000-7f1f5e221000 rw-p 0000f000 08:05 10094451                   /usr/lib/jvm/java-6-openjdk-amd64/jre/lib/amd64/libverify.so
7f1f5e221000-7f1f5e228000 r-xp 00000000 08:05 10227355                   /lib/x86_64-linux-gnu/librt-2.15.so
7f1f5e228000-7f1f5e427000 ---p 00007000 08:05 10227355                   /lib/x86_64-linux-gnu/librt-2.15.so
7f1f5e427000-7f1f5e428000 r--p 00006000 08:05 10227355                   /lib/x86_64-linux-gnu/librt-2.15.so
7f1f5e428000-7f1f5e429000 rw-p 00007000 08:05 10227355                   /lib/x86_64-linux-gnu/librt-2.15.so
7f1f5e429000-7f1f5e43e000 r-xp 00000000 08:05 10227290                   /lib/x86_64-linux-gnu/libgcc_s.so.1
7f1f5e43e000-7f1f5e63d000 ---p 00015000 08:05 10227290                   /lib/x86_64-linux-gnu/libgcc_s.so.1
7f1f5e63d000-7f1f5e63e000 r--p 00014000 08:05 10227290                   /lib/x86_64-linux-gnu/libgcc_s.so.1
7f1f5e63e000-7f1f5e63f000 rw-p 00015000 08:05 10227290                   /lib/x86_64-linux-gnu/libgcc_s.so.1
7f1f5e63f000-7f1f5e738000 r-xp 00000000 08:05 10227301                   /lib/x86_64-linux-gnu/libm-2.15.so
7f1f5e738000-7f1f5e937000 ---p 000f9000 08:05 10227301                   /lib/x86_64-linux-gnu/libm-2.15.so
7f1f5e937000-7f1f5e938000 r--p 000f8000 08:05 10227301                   /lib/x86_64-linux-gnu/libm-2.15.so
7f1f5e938000-7f1f5e939000 rw-p 000f9000 08:05 10227301                   /lib/x86_64-linux-gnu/libm-2.15.so
7f1f5e939000-7f1f5ea1b000 r-xp 00000000 08:05 9969222                    /usr/lib/x86_64-linux-gnu/libstdc++.so.6.0.16
7f1f5ea1b000-7f1f5ec1a000 ---p 000e2000 08:05 9969222                    /usr/lib/x86_64-linux-gnu/libstdc++.so.6.0.16
7f1f5ec1a000-7f1f5ec22000 r--p 000e1000 08:05 9969222                    /usr/lib/x86_64-linux-gnu/libstdc++.so.6.0.16
7f1f5ec22000-7f1f5ec24000 rw-p 000e9000 08:05 9969222                    /usr/lib/x86_64-linux-gnu/libstdc++.so.6.0.16
7f1f5ec24000-7f1f5ec39000 rw-p 00000000 00:00 0 
7f1f5ec39000-7f1f5f53d000 r-xp 00000000 08:05 10094454                   /usr/lib/jvm/java-6-openjdk-amd64/jre/lib/amd64/server/libjvm.so
7f1f5f53d000-7f1f5f73d000 ---p 00904000 08:05 10094454                   /usr/lib/jvm/java-6-openjdk-amd64/jre/lib/amd64/server/libjvm.so
7f1f5f73d000-7f1f5f7bd000 r--p 00904000 08:05 10094454                   /usr/lib/jvm/java-6-openjdk-amd64/jre/lib/amd64/server/libjvm.so
7f1f5f7bd000-7f1f5f7d8000 rw-p 00984000 08:05 10094454                   /usr/lib/jvm/java-6-openjdk-amd64/jre/lib/amd64/server/libjvm.so
7f1f5f7d8000-7f1f5f801000 rw-p 00000000 00:00 0 
7f1f5f801000-7f1f5f817000 r-xp 00000000 08:05 10227380                   /lib/x86_64-linux-gnu/libz.so.1.2.3.4
7f1f5f817000-7f1f5fa16000 ---p 00016000 08:05 10227380                   /lib/x86_64-linux-gnu/libz.so.1.2.3.4
7f1f5fa16000-7f1f5fa17000 r--p 00015000 08:05 10227380                   /lib/x86_64-linux-gnu/libz.so.1.2.3.4
7f1f5fa17000-7f1f5fa18000 rw-p 00016000 08:05 10227380                   /lib/x86_64-linux-gnu/libz.so.1.2.3.4
7f1f5fa18000-7f1f5fbcb000 r-xp 00000000 08:05 10227269                   /lib/x86_64-linux-gnu/libc-2.15.so
7f1f5fbcb000-7f1f5fdca000 ---p 001b3000 08:05 10227269                   /lib/x86_64-linux-gnu/libc-2.15.so
7f1f5fdca000-7f1f5fdce000 r--p 001b2000 08:05 10227269                   /lib/x86_64-linux-gnu/libc-2.15.so
7f1f5fdce000-7f1f5fdd0000 rw-p 001b6000 08:05 10227269                   /lib/x86_64-linux-gnu/libc-2.15.so
7f1f5fdd0000-7f1f5fdd5000 rw-p 00000000 00:00 0 
7f1f5fdd5000-7f1f5fdd7000 r-xp 00000000 08:05 10227282                   /lib/x86_64-linux-gnu/libdl-2.15.so
7f1f5fdd7000-7f1f5ffd7000 ---p 00002000 08:05 10227282                   /lib/x86_64-linux-gnu/libdl-2.15.so
7f1f5ffd7000-7f1f5ffd8000 r--p 00002000 08:05 10227282                   /lib/x86_64-linux-gnu/libdl-2.15.so
7f1f5ffd8000-7f1f5ffd9000 rw-p 00003000 08:05 10227282                   /lib/x86_64-linux-gnu/libdl-2.15.so
7f1f5ffd9000-7f1f5ffdd000 r-xp 00000000 08:05 10093749                   /usr/lib/jvm/java-6-openjdk-amd64/jre/lib/amd64/jli/libjli.so
7f1f5ffdd000-7f1f601dc000 ---p 00004000 08:05 10093749                   /usr/lib/jvm/java-6-openjdk-amd64/jre/lib/amd64/jli/libjli.so
7f1f601dc000-7f1f601dd000 r--p 00003000 08:05 10093749                   /usr/lib/jvm/java-6-openjdk-amd64/jre/lib/amd64/jli/libjli.so
7f1f601dd000-7f1f601de000 rw-p 00004000 08:05 10093749                   /usr/lib/jvm/java-6-openjdk-amd64/jre/lib/amd64/jli/libjli.so
7f1f601de000-7f1f601f6000 r-xp 00000000 08:05 10227349                   /lib/x86_64-linux-gnu/libpthread-2.15.so
7f1f601f6000-7f1f603f5000 ---p 00018000 08:05 10227349                   /lib/x86_64-linux-gnu/libpthread-2.15.so
7f1f603f5000-7f1f603f6000 r--p 00017000 08:05 10227349                   /lib/x86_64-linux-gnu/libpthread-2.15.so
7f1f603f6000-7f1f603f7000 rw-p 00018000 08:05 10227349                   /lib/x86_64-linux-gnu/libpthread-2.15.so
7f1f603f7000-7f1f603fb000 rw-p 00000000 00:00 0 
7f1f603fb000-7f1f6041d000 r-xp 00000000 08:05 10227249                   /lib/x86_64-linux-gnu/ld-2.15.so
7f1f60439000-7f1f60443000 rw-p 00000000 00:00 0 
7f1f60443000-7f1f604f9000 rw-p 00000000 00:00 0 
7f1f604f9000-7f1f604fc000 ---p 00000000 00:00 0 
7f1f604fc000-7f1f605ff000 rw-p 00000000 00:00 0 
7f1f60611000-7f1f60619000 rw-s 00000000 08:05 16254253                   /tmp/hsperfdata_shaneybabees/2838
7f1f60619000-7f1f6061a000 rw-p 00000000 00:00 0 
7f1f6061a000-7f1f6061b000 r--p 00000000 00:00 0 
7f1f6061b000-7f1f6061d000 rw-p 00000000 00:00 0 
7f1f6061d000-7f1f6061e000 r--p 00022000 08:05 10227249                   /lib/x86_64-linux-gnu/ld-2.15.so
7f1f6061e000-7f1f60620000 rw-p 00023000 08:05 10227249                   /lib/x86_64-linux-gnu/ld-2.15.so
7fff63f92000-7fff63fb3000 rw-p 00000000 00:00 0                          [stack]
7fff63fff000-7fff64000000 r-xp 00000000 00:00 0                          [vdso]
ffffffffff600000-ffffffffff601000 r-xp 00000000 00:00 0                  [vsyscall]

VM Arguments:
jvm_args: -agentlib:jdwp=transport=dt_socket,suspend=y,address=localhost:59818 -Dfile.encoding=UTF-8 -Xbootclasspath:/opt/Android/sdk/platforms/android-4.2/android.jar 
java_command: org.eclipse.jdt.internal.debug.ui.snippeteditor.ScrapbookMain file:/home/shaneybabees/workspace/.metadata/.plugins/org.eclipse.core.resources/.projects/Calculator/org.eclipse.jdt.debug.ui/ file:/home/shaneybabees/workspace/Calculator/bin/classes/ file:/home/shaneybabees/workspace/Calculator/libs/android-support-v4.jar
Launcher Type: SUN_STANDARD

Environment Variables:
PATH=/home/shaneybabees/xuggler/bin:/usr/local/sbin:/usr/local/bin:/usr/sbin:/usr/bin:/sbin:/bin:/usr/games
USERNAME=shaneybabees
LD_LIBRARY_PATH=/usr/lib/jvm/java-6-openjdk-amd64/jre/lib/amd64/server:/usr/lib/jvm/java-6-openjdk-amd64/jre/lib/amd64:/usr/lib/jvm/java-6-openjdk-amd64/jre/../lib/amd64
SHELL=/bin/bash
DISPLAY=:0

Signal Handlers:
SIGSEGV: [libjvm.so+0x7842c0], sa_mask[0]=0x7ffbfeff, sa_flags=0x10000004
SIGBUS: [libjvm.so+0x7842c0], sa_mask[0]=0x7ffbfeff, sa_flags=0x10000004
SIGFPE: [libjvm.so+0x648540], sa_mask[0]=0x7ffbfeff, sa_flags=0x10000004
SIGPIPE: [libjvm.so+0x648540], sa_mask[0]=0x7ffbfeff, sa_flags=0x10000004
SIGXFSZ: [libjvm.so+0x648540], sa_mask[0]=0x7ffbfeff, sa_flags=0x10000004
SIGILL: [libjvm.so+0x648540], sa_mask[0]=0x7ffbfeff, sa_flags=0x10000004
SIGUSR1: SIG_DFL, sa_mask[0]=0x00000000, sa_flags=0x00000000
SIGUSR2: [libjvm.so+0x6486f0], sa_mask[0]=0x00000004, sa_flags=0x10000004
SIGHUP: SIG_DFL, sa_mask[0]=0x00000000, sa_flags=0x00000000
SIGINT: SIG_DFL, sa_mask[0]=0x00000000, sa_flags=0x00000000
SIGTERM: SIG_DFL, sa_mask[0]=0x00000000, sa_flags=0x00000000
SIGQUIT: SIG_DFL, sa_mask[0]=0x00000000, sa_flags=0x00000000


---------------  S Y S T E M  ---------------

OS:LinuxMint 13 (maya)
uname:Linux 3.2.0-23-generic #36-Ubuntu SMP Tue Apr 10 20:39:51 UTC 2012 x86_64
libc:glibc 2.15 NPTL 2.15 
rlimit: STACK 8192k, CORE 0k, NPROC 30779, NOFILE 4096, AS infinity
load average:1.10 1.24 1.13

/proc/meminfo:
MemTotal:        3957304 kB
MemFree:         1635564 kB
Buffers:           79924 kB
Cached:          1019820 kB
SwapCached:            0 kB
Active:          1325344 kB
Inactive:         815168 kB
Active(anon):    1103092 kB
Inactive(anon):   257328 kB
Active(file):     222252 kB
Inactive(file):   557840 kB
Unevictable:           0 kB
Mlocked:               0 kB
SwapTotal:       4100092 kB
SwapFree:        4100092 kB
Dirty:              2112 kB
Writeback:             0 kB
AnonPages:       1041144 kB
Mapped:           138052 kB
Shmem:            319468 kB
Slab:              75848 kB
SReclaimable:      47320 kB
SUnreclaim:        28528 kB
KernelStack:        3128 kB
PageTables:        21100 kB
NFS_Unstable:          0 kB
Bounce:                0 kB
WritebackTmp:          0 kB
CommitLimit:     6078744 kB
Committed_AS:    2809048 kB
VmallocTotal:   34359738367 kB
VmallocUsed:      359652 kB
VmallocChunk:   34359359964 kB
HardwareCorrupted:     0 kB
AnonHugePages:         0 kB
HugePages_Total:       0
HugePages_Free:        0
HugePages_Rsvd:        0
HugePages_Surp:        0
Hugepagesize:       2048 kB
DirectMap4k:       79860 kB
DirectMap2M:     4030464 kB


CPU:total 8 (4 cores per cpu, 2 threads per core) family 6 model 42 stepping 7, cmov, cx8, fxsr, mmx, sse, sse2, sse3, ssse3, sse4.1, sse4.2, popcnt, ht

Memory: 4k page, physical 3957304k(1635564k free), swap 4100092k(4100092k free)

vm_info: OpenJDK 64-Bit Server VM (20.0-b12) for linux-amd64 JRE (1.6.0_24-b24), built on Apr 21 2012 01:49:27 by "buildd" with gcc 4.6.3

time: Sat Jan 19 14:52:54 2013
elapsed time: 0 seconds

